<?xml version="1.0" encoding="UTF-8"?>
<!-- Generated by org.testng.reporters.JUnitReportReporter -->
<testsuite hostname="MSI" failures="0" tests="1" name="chixinhcoding.a1_firstpackage.firstclass" time="0.028" errors="0" timestamp="2025-01-21T09:59:50 ICT" skipped="0">
  <testcase classname="chixinhcoding.a1_firstpackage.firstclass" name="secondMethod" time="0.028"/>
  <system-out/>
</testsuite> <!-- chixinhcoding.a1_firstpackage.firstclass -->
