<?xml version="1.0" encoding="UTF-8"?>
<!-- Generated by org.testng.reporters.JUnitReportReporter -->
<testsuite hostname="MSI" failures="0" tests="1" name="chixinhcoding.a2_secondpackage.secondclass" time="0.000" errors="0" timestamp="2025-01-21T09:33:14 ICT" skipped="0">
  <testcase classname="chixinhcoding.a2_secondpackage.secondclass" name="firstMethod" time="0.000"/>
  <system-out/>
</testsuite> <!-- chixinhcoding.a2_secondpackage.secondclass -->
