<?xml version="1.0" encoding="UTF-8"?>
<!-- Generated by org.testng.reporters.JUnitReportReporter -->
<testsuite hostname="MSI" failures="0" tests="2" name="chixinhcoding.a1_firstpackage.secondclass" time="0.000" errors="0" timestamp="2025-01-21T09:29:33 ICT" skipped="0">
  <testcase classname="chixinhcoding.a1_firstpackage.secondclass" name="secondMethod" time="0.000"/>
  <system-out/>
  <testcase classname="chixinhcoding.a1_firstpackage.secondclass" name="firstMethod" time="0.000"/>
  <system-out/>
</testsuite> <!-- chixinhcoding.a1_firstpackage.secondclass -->
