<?xml version="1.0" encoding="UTF-8"?>
<!-- Generated by org.testng.reporters.JUnitReportReporter -->
<testsuite hostname="MSI" failures="0" tests="1" name="buoi15.AutomationTestNG" time="9.629" errors="0" timestamp="2025-01-21T07:43:11 ICT" skipped="0">
  <testcase classname="buoi15.AutomationTestNG" name="Demo1" time="9.629"/>
  <system-out/>
</testsuite> <!-- buoi15.AutomationTestNG -->
