<?xml version="1.0" encoding="UTF-8"?>
<!-- Generated by org.testng.reporters.JUnitReportReporter -->
<testsuite hostname="MSI" failures="0" tests="3" name="buoi15.AutomationTestNG" time="21.496" errors="0" timestamp="2025-01-21T07:50:21 ICT" skipped="0">
  <testcase classname="buoi15.AutomationTestNG" name="Demo3" time="2.880"/>
  <system-out/>
  <testcase classname="buoi15.AutomationTestNG" name="Demo2" time="7.630"/>
  <system-out/>
  <testcase classname="buoi15.AutomationTestNG" name="Demo1" time="10.986"/>
  <system-out/>
</testsuite> <!-- buoi15.AutomationTestNG -->
